2018-06-22 13:04:51.554  INFO 9148 --- [main] c.v.s.b.security.saml.web.Application    : Starting Application on luruihua with PID 9148 (E:\git\study\study\study\study-spring-boot-saml\target\classes started by luruihua in E:\git\study\study\study\study-spring-boot-saml)
2018-06-22 13:04:51.569  INFO 9148 --- [main] c.v.s.b.security.saml.web.Application    : No active profile set, falling back to default profiles: default
2018-06-22 13:04:51.656  INFO 9148 --- [main] ConfigServletWebServerApplicationContext : Refreshing org.springframework.boot.web.servlet.context.AnnotationConfigServletWebServerApplicationContext@2a32de6c: startup date [Fri Jun 22 13:04:51 CST 2018]; root of context hierarchy
2018-06-22 13:04:51.735 ERROR 9148 --- [main] o.s.boot.SpringApplication               : Application run failed

java.lang.NoSuchMethodError: org.springframework.expression.spel.SpelParserConfiguration.<init>(Lorg/springframework/expression/spel/SpelCompilerMode;Ljava/lang/ClassLoader;)V
	at org.springframework.context.expression.StandardBeanExpressionResolver.<init>(StandardBeanExpressionResolver.java:98) ~[spring-context-5.0.6.RELEASE.jar:5.0.6.RELEASE]
	at org.springframework.context.support.AbstractApplicationContext.prepareBeanFactory(AbstractApplicationContext.java:637) ~[spring-context-5.0.6.RELEASE.jar:5.0.6.RELEASE]
	at org.springframework.context.support.AbstractApplicationContext.refresh(AbstractApplicationContext.java:525) ~[spring-context-5.0.6.RELEASE.jar:5.0.6.RELEASE]
	at org.springframework.boot.web.servlet.context.ServletWebServerApplicationContext.refresh(ServletWebServerApplicationContext.java:140) ~[spring-boot-2.0.1.RELEASE.jar:2.0.1.RELEASE]
	at org.springframework.boot.SpringApplication.refresh(SpringApplication.java:759) [spring-boot-2.0.1.RELEASE.jar:2.0.1.RELEASE]
	at org.springframework.boot.SpringApplication.refreshContext(SpringApplication.java:395) [spring-boot-2.0.1.RELEASE.jar:2.0.1.RELEASE]
	at org.springframework.boot.SpringApplication.run(SpringApplication.java:327) [spring-boot-2.0.1.RELEASE.jar:2.0.1.RELEASE]
	at org.springframework.boot.SpringApplication.run(SpringApplication.java:1255) [spring-boot-2.0.1.RELEASE.jar:2.0.1.RELEASE]
	at org.springframework.boot.SpringApplication.run(SpringApplication.java:1243) [spring-boot-2.0.1.RELEASE.jar:2.0.1.RELEASE]
	at com.vdenotaris.spring.boot.security.saml.web.Application.main(Application.java:33) [classes/:na]

2018-06-22 13:04:51.738  INFO 9148 --- [main] ConfigServletWebServerApplicationContext : Closing org.springframework.boot.web.servlet.context.AnnotationConfigServletWebServerApplicationContext@2a32de6c: startup date [Fri Jun 22 13:04:51 CST 2018]; root of context hierarchy
2018-06-22 13:11:16.982  INFO 7472 --- [main] c.v.s.b.security.saml.web.Application    : Starting Application on luruihua with PID 7472 (E:\git\study\study\study\study-spring-boot-saml\target\classes started by luruihua in E:\git\study\study\study\study-spring-boot-saml)
2018-06-22 13:11:16.988  INFO 7472 --- [main] c.v.s.b.security.saml.web.Application    : No active profile set, falling back to default profiles: default
2018-06-22 13:11:17.113  INFO 7472 --- [main] ConfigServletWebServerApplicationContext : Refreshing org.springframework.boot.web.servlet.context.AnnotationConfigServletWebServerApplicationContext@ec756bd: startup date [Fri Jun 22 13:11:17 CST 2018]; root of context hierarchy
2018-06-22 13:11:17.137 ERROR 7472 --- [main] o.s.boot.SpringApplication               : Application run failed

java.lang.NoSuchMethodError: org.springframework.expression.spel.SpelParserConfiguration.<init>(Lorg/springframework/expression/spel/SpelCompilerMode;Ljava/lang/ClassLoader;)V
	at org.springframework.context.expression.StandardBeanExpressionResolver.<init>(StandardBeanExpressionResolver.java:98) ~[spring-context-5.0.7.RELEASE.jar:5.0.7.RELEASE]
	at org.springframework.context.support.AbstractApplicationContext.prepareBeanFactory(AbstractApplicationContext.java:637) ~[spring-context-5.0.7.RELEASE.jar:5.0.7.RELEASE]
	at org.springframework.context.support.AbstractApplicationContext.refresh(AbstractApplicationContext.java:525) ~[spring-context-5.0.7.RELEASE.jar:5.0.7.RELEASE]
	at org.springframework.boot.web.servlet.context.ServletWebServerApplicationContext.refresh(ServletWebServerApplicationContext.java:140) ~[spring-boot-2.0.1.RELEASE.jar:2.0.1.RELEASE]
	at org.springframework.boot.SpringApplication.refresh(SpringApplication.java:759) [spring-boot-2.0.1.RELEASE.jar:2.0.1.RELEASE]
	at org.springframework.boot.SpringApplication.refreshContext(SpringApplication.java:395) [spring-boot-2.0.1.RELEASE.jar:2.0.1.RELEASE]
	at org.springframework.boot.SpringApplication.run(SpringApplication.java:327) [spring-boot-2.0.1.RELEASE.jar:2.0.1.RELEASE]
	at org.springframework.boot.SpringApplication.run(SpringApplication.java:1255) [spring-boot-2.0.1.RELEASE.jar:2.0.1.RELEASE]
	at org.springframework.boot.SpringApplication.run(SpringApplication.java:1243) [spring-boot-2.0.1.RELEASE.jar:2.0.1.RELEASE]
	at com.vdenotaris.spring.boot.security.saml.web.Application.main(Application.java:33) [classes/:na]

2018-06-22 13:11:17.139  INFO 7472 --- [main] ConfigServletWebServerApplicationContext : Closing org.springframework.boot.web.servlet.context.AnnotationConfigServletWebServerApplicationContext@ec756bd: startup date [Fri Jun 22 13:11:17 CST 2018]; root of context hierarchy
